----------------------------------------------------------------
Wed Nov 06 09:06:08 IST 2019:
Booting Derby version The Apache Software Foundation - Apache Derby - 10.9.1.0 - (1344872): instance a816c00e-016e-3ec8-a8c1-0000068ba618 
on database directory C:\Users\MAHE\Documents\nh\Restaurant-Order-System-master\Employee  with class loader sun.misc.Launcher$AppClassLoader@55f96302 
Loaded from file:/C:/Users/MAHE/Documents/nh/derby-10.9.1.0.jar
java.vendor=Oracle Corporation
java.runtime.version=1.8.0_111-b14
user.dir=C:\Users\MAHE\Documents\nh\Restaurant-Order-System-master
derby.system.home=null
Database Class Loader started - derby.database.classpath=''
----------------------------------------------------------------
Wed Nov 06 09:06:09 IST 2019:
Shutting down instance a816c00e-016e-3ec8-a8c1-0000068ba618 on database directory C:\Users\MAHE\Documents\nh\Restaurant-Order-System-master\Employee with class loader sun.misc.Launcher$AppClassLoader@55f96302 
----------------------------------------------------------------
Wed Nov 06 09:06:09 IST 2019:
Booting Derby version The Apache Software Foundation - Apache Derby - 10.9.1.0 - (1344872): instance fb160050-016e-3ec8-a8c1-0000068ba618 
on database directory C:\Users\MAHE\Documents\nh\Restaurant-Order-System-master\Employee  with class loader sun.misc.Launcher$AppClassLoader@55f96302 
Loaded from file:/C:/Users/MAHE/Documents/nh/derby-10.9.1.0.jar
java.vendor=Oracle Corporation
java.runtime.version=1.8.0_111-b14
user.dir=C:\Users\MAHE\Documents\nh\Restaurant-Order-System-master
derby.system.home=null
Database Class Loader started - derby.database.classpath=''
----------------------------------------------------------------
Wed Nov 06 09:06:10 IST 2019:
Shutting down instance fb160050-016e-3ec8-a8c1-0000068ba618 on database directory C:\Users\MAHE\Documents\nh\Restaurant-Order-System-master\Employee with class loader sun.misc.Launcher$AppClassLoader@55f96302 
